C:\CYGWIN\HOME\NK\DEVELOPMENT\OPENGL-GAME\PROJECTS\VC9\DEBUG\APP.OBJ
C:\CYGWIN\HOME\NK\DEVELOPMENT\OPENGL-GAME\PROJECTS\VC9\DEBUG\BLEEDEFFECT.OBJ
C:\CYGWIN\HOME\NK\DEVELOPMENT\OPENGL-GAME\PROJECTS\VC9\DEBUG\BUTTON.OBJ
C:\cygwin\home\nk\Development\opengl-game\projects\vc9\Debug\cl.command.1.tlog
C:\cygwin\home\nk\Development\opengl-game\projects\vc9\Debug\CL.read.1.tlog
C:\cygwin\home\nk\Development\opengl-game\projects\vc9\Debug\CL.write.1.tlog
C:\CYGWIN\HOME\NK\DEVELOPMENT\OPENGL-GAME\PROJECTS\VC9\DEBUG\DIRECTIONALLIGHT.OBJ
C:\CYGWIN\HOME\NK\DEVELOPMENT\OPENGL-GAME\PROJECTS\VC9\DEBUG\FLATSHADER.OBJ
C:\cygwin\home\nk\Development\opengl-game\projects\vc9\Debug\Frustum.obj
C:\CYGWIN\HOME\NK\DEVELOPMENT\OPENGL-GAME\PROJECTS\VC9\DEBUG\LAYER3D.OBJ
C:\CYGWIN\HOME\NK\DEVELOPMENT\OPENGL-GAME\PROJECTS\VC9\DEBUG\LIGHT.OBJ
C:\cygwin\home\nk\Development\opengl-game\projects\vc9\Debug\main.obj
C:\cygwin\home\nk\Development\opengl-game\projects\vc9\Debug\Matrix3x3.obj
C:\cygwin\home\nk\Development\opengl-game\projects\vc9\Debug\Matrix4x4.obj
C:\CYGWIN\HOME\NK\DEVELOPMENT\OPENGL-GAME\PROJECTS\VC9\DEBUG\MOUSELAYER.OBJ
C:\cygwin\home\nk\Development\opengl-game\projects\vc9\Debug\Octree.obj
C:\CYGWIN\HOME\NK\DEVELOPMENT\OPENGL-GAME\PROJECTS\VC9\DEBUG\POINTLIGHT.OBJ
C:\CYGWIN\HOME\NK\DEVELOPMENT\OPENGL-GAME\PROJECTS\VC9\DEBUG\RECTANGLE.OBJ
C:\CYGWIN\HOME\NK\DEVELOPMENT\OPENGL-GAME\PROJECTS\VC9\DEBUG\SHADERATTRIBS.OBJ
C:\CYGWIN\HOME\NK\DEVELOPMENT\OPENGL-GAME\PROJECTS\VC9\DEBUG\TEXTURECACHE.OBJ
C:\cygwin\home\nk\Development\opengl-game\projects\vc9\Debug\vc100.idb
C:\CYGWIN\HOME\NK\DEVELOPMENT\OPENGL-GAME\PROJECTS\VC9\DEBUG\VC100.PDB
C:\cygwin\home\nk\Development\opengl-game\projects\vc9\Debug\vc90.idb
C:\cygwin\home\nk\Development\opengl-game\projects\vc9\Debug\vc90.pdb
C:\cygwin\home\nk\Development\opengl-game\projects\vc9\Debug\Vector2.obj
C:\cygwin\home\nk\Development\opengl-game\projects\vc9\Debug\Vector3.obj
C:\cygwin\home\nk\Development\opengl-game\projects\vc9\Debug\Vector4.obj
