Build started 12/05/2012 01:22:12.
     1>Project "C:\cygwin\home\nk\Development\opengl-game\projects\vc9\engine.vcxproj" on node 2 (build target(s)).
     1>InitializeBuildStatus:
         Touching "Debug\engine.unsuccessfulbuild".
       ClCompile:
         C:\Program Files (x86)\Microsoft Visual Studio 10.0\VC\bin\CL.exe /c /I../../libs/devil/include /I../../src/engine /I../../libs/glfw/include /I../../libs /I../../libs/assimp/include /ZI /nologo /W3 /WX- /Od /Oy- /D _MBCS /Gm /EHsc /RTC1 /MDd /GS /fp:precise /Zc:wchar_t /Zc:forScope /Fo"Debug\\" /Fd"Debug\vc100.pdb" /Gd /TP /analyze- /errorReport:prompt ..\..\src\engine\core\Clock.cpp ..\..\src\engine\io\File.cpp ..\..\src\engine\io\Log.cpp ..\..\src\engine\platform\MacPlatform.cpp ..\..\src\engine\renderer\BleedEffect.cpp ..\..\src\engine\renderer\BleedShader.cpp ..\..\src\engine\renderer\Box.cpp ..\..\src\engine\renderer\Camera.cpp ..\..\src\engine\renderer\FlatShader.cpp ..\..\src\engine\renderer\Light.cpp ..\..\src\engine\renderer\Material.cpp ..\..\src\engine\renderer\Mesh.cpp ..\..\src\engine\renderer\Model.cpp ..\..\src\engine\renderer\PointLight.cpp ..\..\src\engine\renderer\Renderer.cpp ..\..\src\engine\renderer\Renderer3d.cpp ..\..\src\engine\renderer\RendererShadow.cpp ..\..\src\game\App.cpp ..\..\src\game\main.cpp
         main.cpp
         App.cpp
         RendererShadow.cpp
     1>c:\cygwin\home\nk\development\opengl-game\src\engine\renderer\renderershadow.cpp(30): warning C4244: 'argument' : conversion from 'const float' to 'GLsizei', possible loss of data
     1>c:\cygwin\home\nk\development\opengl-game\src\engine\renderer\renderershadow.cpp(30): warning C4244: 'argument' : conversion from 'const float' to 'GLsizei', possible loss of data
         Renderer3d.cpp
         Renderer.cpp
     1>c:\cygwin\home\nk\development\opengl-game\src\engine\renderer\renderer.cpp(42): warning C4305: 'argument' : truncation from 'double' to 'GLclampf'
     1>c:\cygwin\home\nk\development\opengl-game\src\engine\renderer\renderer.cpp(42): warning C4305: 'argument' : truncation from 'double' to 'GLclampf'
     1>c:\cygwin\home\nk\development\opengl-game\src\engine\renderer\renderer.cpp(42): warning C4305: 'argument' : truncation from 'double' to 'GLclampf'
         PointLight.cpp
         Model.cpp
         Mesh.cpp
     1>c:\cygwin\home\nk\development\opengl-game\src\engine\renderer\mesh.cpp(57): warning C4244: 'argument' : conversion from 'float' to 'GLsizei', possible loss of data
         Material.cpp
         Light.cpp
         FlatShader.cpp
         Camera.cpp
         Box.cpp
         BleedShader.cpp
         BleedEffect.cpp
         MacPlatform.cpp
     1>c:\cygwin\home\nk\development\opengl-game\src\engine\platform\macplatform.cpp(55): warning C4244: '=' : conversion from 'int' to 'float', possible loss of data
     1>c:\cygwin\home\nk\development\opengl-game\src\engine\platform\macplatform.cpp(56): warning C4244: '=' : conversion from 'int' to 'float', possible loss of data
         Log.cpp
         File.cpp
         Clock.cpp
         Generating Code...
       Link:
         C:\Program Files (x86)\Microsoft Visual Studio 10.0\VC\bin\link.exe /ERRORREPORT:PROMPT /OUT:"C:\cygwin\home\nk\Development\opengl-game\projects\vc9\Debug\engine.exe" /NOLOGO /LIBPATH:../../libs/assimp/lib /LIBPATH:../../libs/devil/lib /LIBPATH:../../libs/glew/lib /LIBPATH:../../libs/glfw/lib assimp.lib DevIL.lib ILU.lib glew32.lib GLFW.lib OpenGL32.lib kernel32.lib user32.lib gdi32.lib winspool.lib comdlg32.lib advapi32.lib shell32.lib ole32.lib oleaut32.lib uuid.lib odbc32.lib odbccp32.lib /MANIFEST:NO /DEBUG /PDB:"C:\cygwin\home\nk\Development\opengl-game\projects\vc9\Debug\engine.pdb" /TLBID:1 /DYNAMICBASE /NXCOMPAT /IMPLIB:"C:\cygwin\home\nk\Development\opengl-game\projects\vc9\Debug\engine.lib" /MACHINE:X86 Debug\Properties.obj
         Debug\Scheduler.obj
         Debug\File.obj
         Debug\Log.obj
         Debug\Frustum.obj
         Debug\Matrix3x3.obj
         Debug\Matrix4x4.obj
         Debug\Octree.obj
         Debug\Vector2.obj
         Debug\Vector3.obj
         Debug\Vector4.obj
         Debug\MacPlatform.obj
         Debug\FontDescriptorResource.obj
         Debug\LevelFile.obj
         Debug\LevelResource.obj
         Debug\ModelResource.obj
         Debug\ResourceCache.obj
         Debug\TextureResource.obj
         Debug\App.obj
         Debug\Game.obj
         Debug\main.obj
         Debug\Clock.obj
         Debug\String.obj
         Debug\Button.obj
         Debug\FontCharacter.obj
         Debug\FontDescriptor.obj
         Debug\FPSLabel.obj
         Debug\Label.obj
         Debug\MouseClickDispatcher.obj
         Debug\MouseLayer.obj
         Debug\Rectangle.obj
         Debug\Sprite.obj
         Debug\BleedEffect.obj
         Debug\BleedShader.obj
         Debug\Box.obj
         Debug\Camera.obj
         Debug\Color3.obj
         Debug\DirectionalLight.obj
         Debug\FlatShader.obj
         Debug\Layer2d.obj
         Debug\Layer3d.obj
         Debug\Light.obj
         Debug\Material.obj
         Debug\Mesh.obj
         Debug\Model.obj
         Debug\PointLight.obj
         Debug\Renderer.obj
         Debug\Renderer3d.obj
         Debug\RendererShadow.obj
         Debug\Scene.obj
         Debug\SceneNode.obj
         Debug\Shader.obj
         Debug\ShaderAttribs.obj
         Debug\ShaderCache.obj
         Debug\ShadowMap.obj
         Debug\SkyBox.obj
         Debug\Texture.obj
         Debug\TextureCache.obj
         Debug\WorldLoader.obj
         engine.vcxproj -> C:\cygwin\home\nk\Development\opengl-game\projects\vc9\Debug\engine.exe
       FinalizeBuildStatus:
         Deleting file "Debug\engine.unsuccessfulbuild".
         Touching "Debug\engine.lastbuildstate".
     1>Done Building Project "C:\cygwin\home\nk\Development\opengl-game\projects\vc9\engine.vcxproj" (build target(s)).

Build succeeded.

Time Elapsed 00:00:16.92
